<?xml version="1.0" encoding="UTF-8"?>
<testng-results ignored="0" total="1" passed="1" failed="0" skipped="0">
  <reporter-output>
  </reporter-output>
  <suite started-at="2024-02-15T11:35:17Z" name="Suite" finished-at="2024-02-15T11:35:17Z" duration-ms="41">
    <groups>
    </groups>
    <test started-at="2024-02-15T11:35:17Z" name="Test" finished-at="2024-02-15T11:35:17Z" duration-ms="41">
      <class name="practice.HelloWorld">
        <test-method is-config="true" signature="beforeMethod()[pri:0, instance:practice.HelloWorld@78a773fd]" started-at="2024-02-15T11:35:17Z" name="beforeMethod" finished-at="2024-02-15T11:35:17Z" duration-ms="10" status="PASS">
          <reporter-output>
          </reporter-output>
        </test-method> <!-- beforeMethod -->
        <test-method signature="main()[pri:0, instance:practice.HelloWorld@78a773fd]" started-at="2024-02-15T11:35:17Z" name="main" finished-at="2024-02-15T11:35:17Z" duration-ms="1" status="PASS">
          <reporter-output>
          </reporter-output>
        </test-method> <!-- main -->
        <test-method is-config="true" signature="afterMethod()[pri:0, instance:practice.HelloWorld@78a773fd]" started-at="2024-02-15T11:35:17Z" name="afterMethod" finished-at="2024-02-15T11:35:17Z" duration-ms="0" status="PASS">
          <reporter-output>
          </reporter-output>
        </test-method> <!-- afterMethod -->
      </class> <!-- practice.HelloWorld -->
    </test> <!-- Test -->
  </suite> <!-- Suite -->
</testng-results>
