<?xml version="1.0" encoding="UTF-8"?>
<testng-results ignored="0" total="1" passed="1" failed="0" skipped="0">
  <reporter-output>
  </reporter-output>
  <suite started-at="2024-02-15T16:59:43Z" name="Suite" finished-at="2024-02-15T16:59:43Z" duration-ms="49">
    <groups>
    </groups>
    <test started-at="2024-02-15T16:59:43Z" name="Test" finished-at="2024-02-15T16:59:43Z" duration-ms="49">
      <class name="practice.HelloWorld">
        <test-method is-config="true" signature="beforeMethod()[pri:0, instance:practice.HelloWorld@27462a88]" started-at="2024-02-15T16:59:43Z" name="beforeMethod" finished-at="2024-02-15T16:59:43Z" duration-ms="12" status="PASS">
          <reporter-output>
          </reporter-output>
        </test-method> <!-- beforeMethod -->
        <test-method signature="main(java.lang.String)[pri:0, instance:practice.HelloWorld@27462a88]" started-at="2024-02-15T16:59:43Z" name="main" finished-at="2024-02-15T16:59:43Z" duration-ms="1" status="PASS">
          <params>
            <param index="0">
              <value>
                <![CDATA[Avinash]]>
              </value>
            </param>
          </params>
          <reporter-output>
          </reporter-output>
        </test-method> <!-- main -->
        <test-method is-config="true" signature="afterMethod()[pri:0, instance:practice.HelloWorld@27462a88]" started-at="2024-02-15T16:59:43Z" name="afterMethod" finished-at="2024-02-15T16:59:43Z" duration-ms="0" status="PASS">
          <reporter-output>
          </reporter-output>
        </test-method> <!-- afterMethod -->
      </class> <!-- practice.HelloWorld -->
    </test> <!-- Test -->
  </suite> <!-- Suite -->
</testng-results>
