<?xml version="1.0" encoding="UTF-8"?>
<testng-results ignored="0" total="1" passed="1" failed="0" skipped="0">
  <reporter-output>
  </reporter-output>
  <suite started-at="2024-02-15T11:26:32Z" name="Default suite" finished-at="2024-02-15T11:26:32Z" duration-ms="44">
    <groups>
    </groups>
    <test started-at="2024-02-15T11:26:32Z" name="Default test" finished-at="2024-02-15T11:26:32Z" duration-ms="44">
      <class name="practice.HelloWorld">
        <test-method is-config="true" signature="beforeMethod()[pri:0, instance:practice.HelloWorld@41294f8]" started-at="2024-02-15T11:26:32Z" name="beforeMethod" finished-at="2024-02-15T11:26:32Z" duration-ms="8" status="PASS">
          <reporter-output>
          </reporter-output>
        </test-method> <!-- beforeMethod -->
        <test-method signature="main()[pri:0, instance:practice.HelloWorld@41294f8]" started-at="2024-02-15T11:26:32Z" name="main" finished-at="2024-02-15T11:26:32Z" duration-ms="7" status="PASS">
          <reporter-output>
          </reporter-output>
        </test-method> <!-- main -->
        <test-method is-config="true" signature="afterMethod()[pri:0, instance:practice.HelloWorld@41294f8]" started-at="2024-02-15T11:26:32Z" name="afterMethod" finished-at="2024-02-15T11:26:32Z" duration-ms="0" status="PASS">
          <reporter-output>
          </reporter-output>
        </test-method> <!-- afterMethod -->
      </class> <!-- practice.HelloWorld -->
    </test> <!-- Default test -->
  </suite> <!-- Default suite -->
</testng-results>
